2017/09/20 03:55:41 [error] [exception.CHttpException.404] exception 'CHttpException' with message 'Unable to resolve the request "formularioA".' in C:\xampp\htdocs\yii\framework\web\CWebApplication.php:286
Stack trace:
#0 C:\xampp\htdocs\yii\framework\web\CWebApplication.php(141): CWebApplication->runController('formularioA')
#1 C:\xampp\htdocs\yii\framework\base\CApplication.php(185): CWebApplication->processRequest()
#2 C:\xampp\htdocs\formulario\index.php(13): CApplication->run()
#3 {main}
REQUEST_URI=/formulario/index.php?r=formularioA
---
2019/02/14 11:55:36 [error] [exception.Error] Error: Call to undefined function curl_errors() in C:\xampp\htdocs\yii\formulariosOGX\protected\controllers\VoluntarioGlobalController.php:131
Stack trace:
#0 C:\xampp\htdocs\yii\framework\web\actions\CInlineAction.php(49): VoluntarioGlobalController->actionInserExpa()
#1 C:\xampp\htdocs\yii\framework\web\CController.php(308): CInlineAction->runWithParams(Array)
#2 C:\xampp\htdocs\yii\framework\web\CController.php(286): CController->runAction(Object(CInlineAction))
#3 C:\xampp\htdocs\yii\framework\web\CController.php(265): CController->runActionWithFilters(Object(CInlineAction), Array)
#4 C:\xampp\htdocs\yii\framework\web\CWebApplication.php(282): CController->run('InserExpa')
#5 C:\xampp\htdocs\yii\framework\web\CWebApplication.php(141): CWebApplication->runController('voluntarioGloba...')
#6 C:\xampp\htdocs\yii\framework\base\CApplication.php(185): CWebApplication->processRequest()
#7 C:\xampp\htdocs\yii\formulariosOGX\index.php(13): CApplication->run()
#8 {main}
REQUEST_URI=/yii/formulariosOGX/index.php?r=voluntarioGlobal/InserExpa
HTTP_REFERER=http://localhost/yii/formulariosOGX/index.php?r=VoluntarioGlobal
---
2019/02/14 16:05:21 [error] [exception.CHttpException.404] CHttpException: Unable to resolve the request "emprendendorAds/InserExpa". in C:\xampp\htdocs\yii\framework\web\CWebApplication.php:286
Stack trace:
#0 C:\xampp\htdocs\yii\framework\web\CWebApplication.php(141): CWebApplication->runController('emprendendorAds...')
#1 C:\xampp\htdocs\yii\framework\base\CApplication.php(185): CWebApplication->processRequest()
#2 C:\xampp\htdocs\yii\formulariosOGX\index.php(13): CApplication->run()
#3 {main}
REQUEST_URI=/yii/formulariosOGX/index.php?r=emprendendorAds/InserExpa
HTTP_REFERER=http://localhost/yii/formulariosOGX/index.php?r=TalentoGlobalAds
---
2019/02/14 16:05:51 [error] [exception.CHttpException.404] CHttpException: Unable to resolve the request "emprendendorAds/InserExpa". in C:\xampp\htdocs\yii\framework\web\CWebApplication.php:286
Stack trace:
#0 C:\xampp\htdocs\yii\framework\web\CWebApplication.php(141): CWebApplication->runController('emprendendorAds...')
#1 C:\xampp\htdocs\yii\framework\base\CApplication.php(185): CWebApplication->processRequest()
#2 C:\xampp\htdocs\yii\formulariosOGX\index.php(13): CApplication->run()
#3 {main}
REQUEST_URI=/yii/formulariosOGX/index.php?r=emprendendorAds/InserExpa
---
2019/02/14 16:30:56 [error] [exception.CHttpException.404] CHttpException: Unable to resolve the request "emprendendorAds/InserExpa". in C:\xampp\htdocs\yii\framework\web\CWebApplication.php:286
Stack trace:
#0 C:\xampp\htdocs\yii\framework\web\CWebApplication.php(141): CWebApplication->runController('emprendendorAds...')
#1 C:\xampp\htdocs\yii\framework\base\CApplication.php(185): CWebApplication->processRequest()
#2 C:\xampp\htdocs\yii\formulariosOGX\index.php(13): CApplication->run()
#3 {main}
REQUEST_URI=/yii/formulariosOGX/index.php?r=emprendendorAds/InserExpa
HTTP_REFERER=http://localhost/yii/formulariosOGX/index.php?r=TalentoGlobalAds
---
2019/02/14 16:34:00 [error] [exception.CHttpException.404] CHttpException: The system is unable to find the requested action "insert". in C:\xampp\htdocs\yii\framework\web\CController.php:486
Stack trace:
#0 C:\xampp\htdocs\yii\framework\web\CController.php(270): CController->missingAction('insert')
#1 C:\xampp\htdocs\yii\framework\web\CWebApplication.php(282): CController->run('insert')
#2 C:\xampp\htdocs\yii\framework\web\CWebApplication.php(141): CWebApplication->runController('TalentoGlobal/i...')
#3 C:\xampp\htdocs\yii\framework\base\CApplication.php(185): CWebApplication->processRequest()
#4 C:\xampp\htdocs\yii\formulariosOGX\index.php(13): CApplication->run()
#5 {main}
REQUEST_URI=/yii/formulariosOGX/index.php?r=TalentoGlobal/insert
---
2019/02/14 16:34:10 [error] [exception.CHttpException.404] CHttpException: The system is unable to find the requested action "insertExpa". in C:\xampp\htdocs\yii\framework\web\CController.php:486
Stack trace:
#0 C:\xampp\htdocs\yii\framework\web\CController.php(270): CController->missingAction('insertExpa')
#1 C:\xampp\htdocs\yii\framework\web\CWebApplication.php(282): CController->run('insertExpa')
#2 C:\xampp\htdocs\yii\framework\web\CWebApplication.php(141): CWebApplication->runController('TalentoGlobal/i...')
#3 C:\xampp\htdocs\yii\framework\base\CApplication.php(185): CWebApplication->processRequest()
#4 C:\xampp\htdocs\yii\formulariosOGX\index.php(13): CApplication->run()
#5 {main}
REQUEST_URI=/yii/formulariosOGX/index.php?r=TalentoGlobal/insertExpa
---
2019/02/14 16:38:02 [error] [php] Undefined index: parametros (C:\xampp\htdocs\yii\formulariosOGX\protected\controllers\TalentoGlobalAdsController.php:51)
Stack trace:
#0 C:\xampp\htdocs\yii\framework\web\CController.php(286): TalentoGlobalAdsController->runAction()
#1 C:\xampp\htdocs\yii\framework\web\CController.php(265): TalentoGlobalAdsController->runActionWithFilters()
#2 C:\xampp\htdocs\yii\framework\web\CWebApplication.php(282): TalentoGlobalAdsController->run()
#3 C:\xampp\htdocs\yii\framework\web\CWebApplication.php(141): CWebApplication->runController()
#4 C:\xampp\htdocs\yii\framework\base\CApplication.php(185): CWebApplication->processRequest()
#5 C:\xampp\htdocs\yii\formulariosOGX\index.php(13): CWebApplication->run()
REQUEST_URI=/yii/formulariosOGX/index.php?r=TalentoGlobalAds/inserExpa
in C:\xampp\htdocs\yii\formulariosOGX\protected\controllers\TalentoGlobalAdsController.php (51)
in C:\xampp\htdocs\yii\formulariosOGX\index.php (13)
2019/02/14 16:45:32 [error] [exception.CHttpException.404] CHttpException: Unable to resolve the request "FormularioAds". in C:\xampp\htdocs\yii\framework\web\CWebApplication.php:286
Stack trace:
#0 C:\xampp\htdocs\yii\framework\web\CWebApplication.php(141): CWebApplication->runController('FormularioAds')
#1 C:\xampp\htdocs\yii\framework\base\CApplication.php(185): CWebApplication->processRequest()
#2 C:\xampp\htdocs\yii\formulariosOGX\index.php(13): CApplication->run()
#3 {main}
REQUEST_URI=/yii/formulariosOGX/index.php?r=FormularioAds
---
2019/02/14 16:45:40 [error] [exception.CHttpException.404] CHttpException: Unable to resolve the request "EmprendedprAds". in C:\xampp\htdocs\yii\framework\web\CWebApplication.php:286
Stack trace:
#0 C:\xampp\htdocs\yii\framework\web\CWebApplication.php(141): CWebApplication->runController('EmprendedprAds')
#1 C:\xampp\htdocs\yii\framework\base\CApplication.php(185): CWebApplication->processRequest()
#2 C:\xampp\htdocs\yii\formulariosOGX\index.php(13): CApplication->run()
#3 {main}
REQUEST_URI=/yii/formulariosOGX/index.php?r=EmprendedprAds
---
2019/02/14 16:47:09 [error] [php] Undefined index: lstConocioOrganizacion (C:\xampp\htdocs\yii\formulariosOGX\protected\controllers\FormularioController.php:70)
Stack trace:
#0 C:\xampp\htdocs\yii\framework\web\CController.php(286): FormularioController->runAction()
#1 C:\xampp\htdocs\yii\framework\web\CController.php(265): FormularioController->runActionWithFilters()
#2 C:\xampp\htdocs\yii\framework\web\CWebApplication.php(282): FormularioController->run()
#3 C:\xampp\htdocs\yii\framework\web\CWebApplication.php(141): CWebApplication->runController()
#4 C:\xampp\htdocs\yii\framework\base\CApplication.php(185): CWebApplication->processRequest()
#5 C:\xampp\htdocs\yii\formulariosOGX\index.php(13): CWebApplication->run()
REQUEST_URI=/yii/formulariosOGX/index.php?r=formulario/InserExpa
in C:\xampp\htdocs\yii\formulariosOGX\protected\controllers\FormularioController.php (70)
in C:\xampp\htdocs\yii\formulariosOGX\index.php (13)
2019/02/14 19:18:01 [error] [php] file_get_contents(): php_network_getaddresses: getaddrinfo failed: Host desconocido.  (C:\xampp\htdocs\yii\formulariosOGX\protected\controllers\VoluntarioGlobalController.php:173)
Stack trace:
#0 C:\xampp\htdocs\yii\framework\web\CController.php(308): CInlineAction->runWithParams()
#1 C:\xampp\htdocs\yii\framework\web\CController.php(286): VoluntarioGlobalController->runAction()
#2 C:\xampp\htdocs\yii\framework\web\CController.php(265): VoluntarioGlobalController->runActionWithFilters()
#3 C:\xampp\htdocs\yii\framework\web\CWebApplication.php(282): VoluntarioGlobalController->run()
#4 C:\xampp\htdocs\yii\framework\web\CWebApplication.php(141): CWebApplication->runController()
#5 C:\xampp\htdocs\yii\framework\base\CApplication.php(185): CWebApplication->processRequest()
#6 C:\xampp\htdocs\yii\formulariosOGX\index.php(13): CWebApplication->run()
REQUEST_URI=/yii/formulariosOGX/index.php?r=voluntarioGlobal/UniversidadesColombia
in C:\xampp\htdocs\yii\formulariosOGX\protected\controllers\VoluntarioGlobalController.php (173)
in C:\xampp\htdocs\yii\formulariosOGX\index.php (13)
2019/02/14 19:18:20 [error] [php] file_get_contents(): php_network_getaddresses: getaddrinfo failed: Host desconocido.  (C:\xampp\htdocs\yii\formulariosOGX\protected\controllers\TalentoGlobalController.php:178)
Stack trace:
#0 C:\xampp\htdocs\yii\framework\web\CController.php(308): CInlineAction->runWithParams()
#1 C:\xampp\htdocs\yii\framework\web\CController.php(286): TalentoGlobalController->runAction()
#2 C:\xampp\htdocs\yii\framework\web\CController.php(265): TalentoGlobalController->runActionWithFilters()
#3 C:\xampp\htdocs\yii\framework\web\CWebApplication.php(282): TalentoGlobalController->run()
#4 C:\xampp\htdocs\yii\framework\web\CWebApplication.php(141): CWebApplication->runController()
#5 C:\xampp\htdocs\yii\framework\base\CApplication.php(185): CWebApplication->processRequest()
#6 C:\xampp\htdocs\yii\formulariosOGX\index.php(13): CWebApplication->run()
REQUEST_URI=/yii/formulariosOGX/index.php?r=talentoGlobal/UniversidadesColombia
in C:\xampp\htdocs\yii\formulariosOGX\protected\controllers\TalentoGlobalController.php (178)
in C:\xampp\htdocs\yii\formulariosOGX\index.php (13)
2019/02/14 19:18:24 [error] [php] file_get_contents(): php_network_getaddresses: getaddrinfo failed: Host desconocido.  (C:\xampp\htdocs\yii\formulariosOGX\protected\controllers\VoluntarioGlobalAdsController.php:172)
Stack trace:
#0 C:\xampp\htdocs\yii\framework\web\CController.php(308): CInlineAction->runWithParams()
#1 C:\xampp\htdocs\yii\framework\web\CController.php(286): VoluntarioGlobalAdsController->runAction()
#2 C:\xampp\htdocs\yii\framework\web\CController.php(265): VoluntarioGlobalAdsController->runActionWithFilters()
#3 C:\xampp\htdocs\yii\framework\web\CWebApplication.php(282): VoluntarioGlobalAdsController->run()
#4 C:\xampp\htdocs\yii\framework\web\CWebApplication.php(141): CWebApplication->runController()
#5 C:\xampp\htdocs\yii\framework\base\CApplication.php(185): CWebApplication->processRequest()
#6 C:\xampp\htdocs\yii\formulariosOGX\index.php(13): CWebApplication->run()
REQUEST_URI=/yii/formulariosOGX/index.php?r=voluntarioGlobalAds/UniversidadesColombia
in C:\xampp\htdocs\yii\formulariosOGX\protected\controllers\VoluntarioGlobalAdsController.php (172)
in C:\xampp\htdocs\yii\formulariosOGX\index.php (13)
2019/02/14 19:18:40 [error] [exception.CHttpException.404] CHttpException: Unable to resolve the request "http://localhost/yii/formulariosOGX/index.php?r=TalentoGlobalAds". in C:\xampp\htdocs\yii\framework\web\CWebApplication.php:286
Stack trace:
#0 C:\xampp\htdocs\yii\framework\web\CWebApplication.php(141): CWebApplication->runController('http://localhos...')
#1 C:\xampp\htdocs\yii\framework\base\CApplication.php(185): CWebApplication->processRequest()
#2 C:\xampp\htdocs\yii\formulariosOGX\index.php(13): CApplication->run()
#3 {main}
REQUEST_URI=/yii/formulariosOGX/index.php?r=http://localhost/yii/formulariosOGX/index.php?r=TalentoGlobalAds
---
2019/02/14 19:19:02 [error] [php] file_get_contents(): php_network_getaddresses: getaddrinfo failed: Host desconocido.  (C:\xampp\htdocs\yii\formulariosOGX\protected\controllers\FormularioController.php:180)
Stack trace:
#0 C:\xampp\htdocs\yii\framework\web\CController.php(308): CInlineAction->runWithParams()
#1 C:\xampp\htdocs\yii\framework\web\CController.php(286): FormularioController->runAction()
#2 C:\xampp\htdocs\yii\framework\web\CController.php(265): FormularioController->runActionWithFilters()
#3 C:\xampp\htdocs\yii\framework\web\CWebApplication.php(282): FormularioController->run()
#4 C:\xampp\htdocs\yii\framework\web\CWebApplication.php(141): CWebApplication->runController()
#5 C:\xampp\htdocs\yii\framework\base\CApplication.php(185): CWebApplication->processRequest()
#6 C:\xampp\htdocs\yii\formulariosOGX\index.php(13): CWebApplication->run()
REQUEST_URI=/yii/formulariosOGX/index.php?r=formulario/UniversidadesColombia
in C:\xampp\htdocs\yii\formulariosOGX\protected\controllers\FormularioController.php (180)
in C:\xampp\htdocs\yii\formulariosOGX\index.php (13)
2019/02/14 19:19:04 [error] [php] file_get_contents(): php_network_getaddresses: getaddrinfo failed: Host desconocido.  (C:\xampp\htdocs\yii\formulariosOGX\protected\controllers\TalentoGlobalAdsController.php:176)
Stack trace:
#0 C:\xampp\htdocs\yii\framework\web\CController.php(308): CInlineAction->runWithParams()
#1 C:\xampp\htdocs\yii\framework\web\CController.php(286): TalentoGlobalAdsController->runAction()
#2 C:\xampp\htdocs\yii\framework\web\CController.php(265): TalentoGlobalAdsController->runActionWithFilters()
#3 C:\xampp\htdocs\yii\framework\web\CWebApplication.php(282): TalentoGlobalAdsController->run()
#4 C:\xampp\htdocs\yii\framework\web\CWebApplication.php(141): CWebApplication->runController()
#5 C:\xampp\htdocs\yii\framework\base\CApplication.php(185): CWebApplication->processRequest()
#6 C:\xampp\htdocs\yii\formulariosOGX\index.php(13): CWebApplication->run()
REQUEST_URI=/yii/formulariosOGX/index.php?r=talentoGlobalAds/UniversidadesColombia
in C:\xampp\htdocs\yii\formulariosOGX\protected\controllers\TalentoGlobalAdsController.php (176)
in C:\xampp\htdocs\yii\formulariosOGX\index.php (13)
2019/02/14 19:19:09 [error] [php] file_get_contents(): php_network_getaddresses: getaddrinfo failed: Host desconocido.  (C:\xampp\htdocs\yii\formulariosOGX\protected\controllers\FormularioController.php:180)
Stack trace:
#0 C:\xampp\htdocs\yii\framework\web\CController.php(308): CInlineAction->runWithParams()
#1 C:\xampp\htdocs\yii\framework\web\CController.php(286): FormularioController->runAction()
#2 C:\xampp\htdocs\yii\framework\web\CController.php(265): FormularioController->runActionWithFilters()
#3 C:\xampp\htdocs\yii\framework\web\CWebApplication.php(282): FormularioController->run()
#4 C:\xampp\htdocs\yii\framework\web\CWebApplication.php(141): CWebApplication->runController()
#5 C:\xampp\htdocs\yii\framework\base\CApplication.php(185): CWebApplication->processRequest()
#6 C:\xampp\htdocs\yii\formulariosOGX\index.php(13): CWebApplication->run()
REQUEST_URI=/yii/formulariosOGX/index.php?r=formulario/UniversidadesColombia
in C:\xampp\htdocs\yii\formulariosOGX\protected\controllers\FormularioController.php (180)
in C:\xampp\htdocs\yii\formulariosOGX\index.php (13)
2019/02/14 19:20:30 [error] [php] file_get_contents(): php_network_getaddresses: getaddrinfo failed: Host desconocido.  (C:\xampp\htdocs\yii\formulariosOGX\protected\controllers\VoluntarioGlobalController.php:173)
Stack trace:
#0 C:\xampp\htdocs\yii\framework\web\CController.php(308): CInlineAction->runWithParams()
#1 C:\xampp\htdocs\yii\framework\web\CController.php(286): VoluntarioGlobalController->runAction()
#2 C:\xampp\htdocs\yii\framework\web\CController.php(265): VoluntarioGlobalController->runActionWithFilters()
#3 C:\xampp\htdocs\yii\framework\web\CWebApplication.php(282): VoluntarioGlobalController->run()
#4 C:\xampp\htdocs\yii\framework\web\CWebApplication.php(141): CWebApplication->runController()
#5 C:\xampp\htdocs\yii\framework\base\CApplication.php(185): CWebApplication->processRequest()
#6 C:\xampp\htdocs\yii\formulariosOGX\index.php(13): CWebApplication->run()
REQUEST_URI=/yii/formulariosOGX/index.php?r=voluntarioGlobal/UniversidadesColombia
in C:\xampp\htdocs\yii\formulariosOGX\protected\controllers\VoluntarioGlobalController.php (173)
in C:\xampp\htdocs\yii\formulariosOGX\index.php (13)
2019/02/14 19:20:34 [error] [php] file_get_contents(): php_network_getaddresses: getaddrinfo failed: Host desconocido.  (C:\xampp\htdocs\yii\formulariosOGX\protected\controllers\VoluntarioGlobalController.php:173)
Stack trace:
#0 C:\xampp\htdocs\yii\framework\web\CController.php(308): CInlineAction->runWithParams()
#1 C:\xampp\htdocs\yii\framework\web\CController.php(286): VoluntarioGlobalController->runAction()
#2 C:\xampp\htdocs\yii\framework\web\CController.php(265): VoluntarioGlobalController->runActionWithFilters()
#3 C:\xampp\htdocs\yii\framework\web\CWebApplication.php(282): VoluntarioGlobalController->run()
#4 C:\xampp\htdocs\yii\framework\web\CWebApplication.php(141): CWebApplication->runController()
#5 C:\xampp\htdocs\yii\framework\base\CApplication.php(185): CWebApplication->processRequest()
#6 C:\xampp\htdocs\yii\formulariosOGX\index.php(13): CWebApplication->run()
REQUEST_URI=/yii/formulariosOGX/index.php?r=voluntarioGlobal/UniversidadesColombia
in C:\xampp\htdocs\yii\formulariosOGX\protected\controllers\VoluntarioGlobalController.php (173)
in C:\xampp\htdocs\yii\formulariosOGX\index.php (13)
2019/02/14 19:20:59 [error] [php] file_get_contents(): php_network_getaddresses: getaddrinfo failed: Host desconocido.  (C:\xampp\htdocs\yii\formulariosOGX\protected\controllers\VoluntarioGlobalController.php:173)
Stack trace:
#0 C:\xampp\htdocs\yii\framework\web\CController.php(308): CInlineAction->runWithParams()
#1 C:\xampp\htdocs\yii\framework\web\CController.php(286): VoluntarioGlobalController->runAction()
#2 C:\xampp\htdocs\yii\framework\web\CController.php(265): VoluntarioGlobalController->runActionWithFilters()
#3 C:\xampp\htdocs\yii\framework\web\CWebApplication.php(282): VoluntarioGlobalController->run()
#4 C:\xampp\htdocs\yii\framework\web\CWebApplication.php(141): CWebApplication->runController()
#5 C:\xampp\htdocs\yii\framework\base\CApplication.php(185): CWebApplication->processRequest()
#6 C:\xampp\htdocs\yii\formulariosOGX\index.php(13): CWebApplication->run()
REQUEST_URI=/yii/formulariosOGX/index.php?r=voluntarioGlobal/UniversidadesColombia
in C:\xampp\htdocs\yii\formulariosOGX\protected\controllers\VoluntarioGlobalController.php (173)
in C:\xampp\htdocs\yii\formulariosOGX\index.php (13)
2019/02/14 19:21:05 [error] [php] file_get_contents(): php_network_getaddresses: getaddrinfo failed: Host desconocido.  (C:\xampp\htdocs\yii\formulariosOGX\protected\controllers\VoluntarioGlobalController.php:173)
Stack trace:
#0 C:\xampp\htdocs\yii\framework\web\CController.php(308): CInlineAction->runWithParams()
#1 C:\xampp\htdocs\yii\framework\web\CController.php(286): VoluntarioGlobalController->runAction()
#2 C:\xampp\htdocs\yii\framework\web\CController.php(265): VoluntarioGlobalController->runActionWithFilters()
#3 C:\xampp\htdocs\yii\framework\web\CWebApplication.php(282): VoluntarioGlobalController->run()
#4 C:\xampp\htdocs\yii\framework\web\CWebApplication.php(141): CWebApplication->runController()
#5 C:\xampp\htdocs\yii\framework\base\CApplication.php(185): CWebApplication->processRequest()
#6 C:\xampp\htdocs\yii\formulariosOGX\index.php(13): CWebApplication->run()
REQUEST_URI=/yii/formulariosOGX/index.php?r=voluntarioGlobal/UniversidadesColombia
in C:\xampp\htdocs\yii\formulariosOGX\protected\controllers\VoluntarioGlobalController.php (173)
in C:\xampp\htdocs\yii\formulariosOGX\index.php (13)
2019/02/14 19:22:53 [error] [php] file_get_contents(): php_network_getaddresses: getaddrinfo failed: Host desconocido.  (C:\xampp\htdocs\yii\formulariosOGX\protected\controllers\TalentoGlobalController.php:178)
Stack trace:
#0 C:\xampp\htdocs\yii\framework\web\CController.php(308): CInlineAction->runWithParams()
#1 C:\xampp\htdocs\yii\framework\web\CController.php(286): TalentoGlobalController->runAction()
#2 C:\xampp\htdocs\yii\framework\web\CController.php(265): TalentoGlobalController->runActionWithFilters()
#3 C:\xampp\htdocs\yii\framework\web\CWebApplication.php(282): TalentoGlobalController->run()
#4 C:\xampp\htdocs\yii\framework\web\CWebApplication.php(141): CWebApplication->runController()
#5 C:\xampp\htdocs\yii\framework\base\CApplication.php(185): CWebApplication->processRequest()
#6 C:\xampp\htdocs\yii\formulariosOGX\index.php(13): CWebApplication->run()
REQUEST_URI=/yii/formulariosOGX/index.php?r=talentoGlobal/UniversidadesColombia
in C:\xampp\htdocs\yii\formulariosOGX\protected\controllers\TalentoGlobalController.php (178)
in C:\xampp\htdocs\yii\formulariosOGX\index.php (13)
2019/02/14 19:24:35 [error] [php] file_get_contents(): php_network_getaddresses: getaddrinfo failed: Host desconocido.  (C:\xampp\htdocs\yii\formulariosOGX\protected\controllers\VoluntarioGlobalController.php:173)
Stack trace:
#0 C:\xampp\htdocs\yii\framework\web\CController.php(308): CInlineAction->runWithParams()
#1 C:\xampp\htdocs\yii\framework\web\CController.php(286): VoluntarioGlobalController->runAction()
#2 C:\xampp\htdocs\yii\framework\web\CController.php(265): VoluntarioGlobalController->runActionWithFilters()
#3 C:\xampp\htdocs\yii\framework\web\CWebApplication.php(282): VoluntarioGlobalController->run()
#4 C:\xampp\htdocs\yii\framework\web\CWebApplication.php(141): CWebApplication->runController()
#5 C:\xampp\htdocs\yii\framework\base\CApplication.php(185): CWebApplication->processRequest()
#6 C:\xampp\htdocs\yii\formulariosOGX\index.php(13): CWebApplication->run()
REQUEST_URI=/yii/formulariosOGX/index.php?r=voluntarioGlobal/UniversidadesColombia
in C:\xampp\htdocs\yii\formulariosOGX\protected\controllers\VoluntarioGlobalController.php (173)
in C:\xampp\htdocs\yii\formulariosOGX\index.php (13)
2019/02/14 19:24:45 [error] [php] file_get_contents(): php_network_getaddresses: getaddrinfo failed: Host desconocido.  (C:\xampp\htdocs\yii\formulariosOGX\protected\controllers\VoluntarioGlobalController.php:173)
Stack trace:
#0 C:\xampp\htdocs\yii\framework\web\CController.php(308): CInlineAction->runWithParams()
#1 C:\xampp\htdocs\yii\framework\web\CController.php(286): VoluntarioGlobalController->runAction()
#2 C:\xampp\htdocs\yii\framework\web\CController.php(265): VoluntarioGlobalController->runActionWithFilters()
#3 C:\xampp\htdocs\yii\framework\web\CWebApplication.php(282): VoluntarioGlobalController->run()
#4 C:\xampp\htdocs\yii\framework\web\CWebApplication.php(141): CWebApplication->runController()
#5 C:\xampp\htdocs\yii\framework\base\CApplication.php(185): CWebApplication->processRequest()
#6 C:\xampp\htdocs\yii\formulariosOGX\index.php(13): CWebApplication->run()
REQUEST_URI=/yii/formulariosOGX/index.php?r=voluntarioGlobal/UniversidadesColombia
in C:\xampp\htdocs\yii\formulariosOGX\protected\controllers\VoluntarioGlobalController.php (173)
in C:\xampp\htdocs\yii\formulariosOGX\index.php (13)
2019/08/16 14:58:52 [error] [exception.Error] Error: Call to undefined function dd() in C:\xampp\htdocs\desarrolloLaravel\formulariosOGX\protected\controllers\VoluntarioGlobalController.php:52
Stack trace:
#0 C:\xampp\htdocs\desarrolloLaravel\yii\framework\web\actions\CInlineAction.php(49): VoluntarioGlobalController->actionInserExpa()
#1 C:\xampp\htdocs\desarrolloLaravel\yii\framework\web\CController.php(308): CInlineAction->runWithParams(Array)
#2 C:\xampp\htdocs\desarrolloLaravel\yii\framework\web\CController.php(286): CController->runAction(Object(CInlineAction))
#3 C:\xampp\htdocs\desarrolloLaravel\yii\framework\web\CController.php(265): CController->runActionWithFilters(Object(CInlineAction), Array)
#4 C:\xampp\htdocs\desarrolloLaravel\yii\framework\web\CWebApplication.php(282): CController->run('InserExpa')
#5 C:\xampp\htdocs\desarrolloLaravel\yii\framework\web\CWebApplication.php(141): CWebApplication->runController('voluntarioGloba...')
#6 C:\xampp\htdocs\desarrolloLaravel\yii\framework\base\CApplication.php(185): CWebApplication->processRequest()
#7 C:\xampp\htdocs\desarrolloLaravel\formulariosOGX\index.php(13): CApplication->run()
#8 {main}
REQUEST_URI=/desarrolloLaravel/formulariosOGX/index.php?r=voluntarioGlobal/InserExpa
HTTP_REFERER=http://localhost/desarrolloLaravel/formulariosOGX/index.php?r=voluntarioGlobal
---
